---------------------------------------------------------------
[ 2018-12-13T12:54:39+08:00 ] 0.0.0.0 GET /zcw2/public/admin/course/coursekj/id/46
[ info ] localhost/zcw2/public/admin/course/coursekj/id/46 [运行时间：0.060417s][吞吐率：16.55req/s] [内存消耗：2,159.36kb] [文件加载：52]
[ info ] [ LANG ] D:\phpStudy\PHPTutorial\WWW\zcw2\thinkphp\lang\zh-cn.php
[ info ] [ ROUTE ] array (
  'type' => 'module',
  'module' => 
  array (
    0 => 'admin',
    1 => 'course',
    2 => 'coursekj',
  ),
)
[ info ] [ HEADER ] array (
  'host' => 'localhost',
  'connection' => 'keep-alive',
  'upgrade-insecure-requests' => '1',
  'user-agent' => 'Mozilla/5.0 (Windows NT 10.0; Win64; x64) AppleWebKit/537.36 (KHTML, like Gecko) Chrome/71.0.3551.3 Safari/537.36',
  'accept' => 'text/html,application/xhtml+xml,application/xml;q=0.9,image/webp,image/apng,*/*;q=0.8',
  'accept-encoding' => 'gzip, deflate, br',
  'accept-language' => 'zh-CN,zh;q=0.9',
  'cookie' => 'pgv_pvi=9710841856; PHPSESSID=l6nbtddf577eo693e6ob4fj9i7; think_userid=27',
)
[ info ] [ PARAM ] array (
  'id' => '46',
)
[ info ] [ SESSION ] INIT array (
  'id' => '',
  'var_session_id' => '',
  'prefix' => 'think',
  'type' => '',
  'auto_start' => true,
)
[ info ] [ RUN ] app\admin\controller\Course->coursekj[ D:\phpStudy\PHPTutorial\WWW\zcw2\application\admin\controller\Course.php ]
[ info ] [ VIEW ] D:\phpStudy\PHPTutorial\WWW\zcw2\public/../application/admin\view\course\coursekj.html [ array (
  0 => 'title',
  1 => 'base',
  2 => 'ids',
) ]
[ info ] [ LOG ] INIT File
---------------------------------------------------------------
[ 2018-12-13T12:54:42+08:00 ] 0.0.0.0 GET /zcw2/public/admin/course/coursekj/id/46
[ info ] localhost/zcw2/public/admin/course/coursekj/id/46 [运行时间：0.051005s][吞吐率：19.61req/s] [内存消耗：1,980.20kb] [文件加载：50]
[ info ] [ LANG ] D:\phpStudy\PHPTutorial\WWW\zcw2\thinkphp\lang\zh-cn.php
[ info ] [ ROUTE ] array (
  'type' => 'module',
  'module' => 
  array (
    0 => 'admin',
    1 => 'course',
    2 => 'coursekj',
  ),
)
[ info ] [ HEADER ] array (
  'host' => 'localhost',
  'connection' => 'keep-alive',
  'cache-control' => 'max-age=0',
  'upgrade-insecure-requests' => '1',
  'user-agent' => 'Mozilla/5.0 (Windows NT 10.0; Win64; x64) AppleWebKit/537.36 (KHTML, like Gecko) Chrome/71.0.3551.3 Safari/537.36',
  'accept' => 'text/html,application/xhtml+xml,application/xml;q=0.9,image/webp,image/apng,*/*;q=0.8',
  'accept-encoding' => 'gzip, deflate, br',
  'accept-language' => 'zh-CN,zh;q=0.9',
  'cookie' => 'thinkphp_show_page_trace=0|0; pgv_pvi=9710841856; PHPSESSID=l6nbtddf577eo693e6ob4fj9i7; think_userid=27',
)
[ info ] [ PARAM ] array (
  'id' => '46',
)
[ info ] [ SESSION ] INIT array (
  'id' => '',
  'var_session_id' => '',
  'prefix' => 'think',
  'type' => '',
  'auto_start' => true,
)
[ info ] [ RUN ] app\admin\controller\Course->coursekj[ D:\phpStudy\PHPTutorial\WWW\zcw2\application\admin\controller\Course.php ]
[ info ] [ VIEW ] D:\phpStudy\PHPTutorial\WWW\zcw2\public/../application/admin\view\course\coursekj.html [ array (
  0 => 'title',
  1 => 'base',
  2 => 'ids',
) ]
[ info ] [ LOG ] INIT File
---------------------------------------------------------------
[ 2018-12-13T12:54:42+08:00 ] 0.0.0.0 GET /zcw2/public/admin/course/coursekj/id/46
[ info ] localhost/zcw2/public/admin/course/coursekj/id/46 [运行时间：0.043991s][吞吐率：22.73req/s] [内存消耗：1,980.20kb] [文件加载：50]
[ info ] [ LANG ] D:\phpStudy\PHPTutorial\WWW\zcw2\thinkphp\lang\zh-cn.php
[ info ] [ ROUTE ] array (
  'type' => 'module',
  'module' => 
  array (
    0 => 'admin',
    1 => 'course',
    2 => 'coursekj',
  ),
)
[ info ] [ HEADER ] array (
  'host' => 'localhost',
  'connection' => 'keep-alive',
  'cache-control' => 'max-age=0',
  'upgrade-insecure-requests' => '1',
  'user-agent' => 'Mozilla/5.0 (Windows NT 10.0; Win64; x64) AppleWebKit/537.36 (KHTML, like Gecko) Chrome/71.0.3551.3 Safari/537.36',
  'accept' => 'text/html,application/xhtml+xml,application/xml;q=0.9,image/webp,image/apng,*/*;q=0.8',
  'accept-encoding' => 'gzip, deflate, br',
  'accept-language' => 'zh-CN,zh;q=0.9',
  'cookie' => 'thinkphp_show_page_trace=0|0; pgv_pvi=9710841856; PHPSESSID=l6nbtddf577eo693e6ob4fj9i7; think_userid=27',
)
[ info ] [ PARAM ] array (
  'id' => '46',
)
[ info ] [ SESSION ] INIT array (
  'id' => '',
  'var_session_id' => '',
  'prefix' => 'think',
  'type' => '',
  'auto_start' => true,
)
[ info ] [ RUN ] app\admin\controller\Course->coursekj[ D:\phpStudy\PHPTutorial\WWW\zcw2\application\admin\controller\Course.php ]
[ info ] [ VIEW ] D:\phpStudy\PHPTutorial\WWW\zcw2\public/../application/admin\view\course\coursekj.html [ array (
  0 => 'title',
  1 => 'base',
  2 => 'ids',
) ]
[ info ] [ LOG ] INIT File
---------------------------------------------------------------
[ 2018-12-13T12:54:42+08:00 ] 0.0.0.0 GET /zcw2/public/admin/course/coursekj/id/46
[ info ] localhost/zcw2/public/admin/course/coursekj/id/46 [运行时间：0.044884s][吞吐率：22.28req/s] [内存消耗：1,980.20kb] [文件加载：50]
[ info ] [ LANG ] D:\phpStudy\PHPTutorial\WWW\zcw2\thinkphp\lang\zh-cn.php
[ info ] [ ROUTE ] array (
  'type' => 'module',
  'module' => 
  array (
    0 => 'admin',
    1 => 'course',
    2 => 'coursekj',
  ),
)
[ info ] [ HEADER ] array (
  'host' => 'localhost',
  'connection' => 'keep-alive',
  'cache-control' => 'max-age=0',
  'upgrade-insecure-requests' => '1',
  'user-agent' => 'Mozilla/5.0 (Windows NT 10.0; Win64; x64) AppleWebKit/537.36 (KHTML, like Gecko) Chrome/71.0.3551.3 Safari/537.36',
  'accept' => 'text/html,application/xhtml+xml,application/xml;q=0.9,image/webp,image/apng,*/*;q=0.8',
  'accept-encoding' => 'gzip, deflate, br',
  'accept-language' => 'zh-CN,zh;q=0.9',
  'cookie' => 'thinkphp_show_page_trace=0|0; pgv_pvi=9710841856; PHPSESSID=l6nbtddf577eo693e6ob4fj9i7; think_userid=27',
)
[ info ] [ PARAM ] array (
  'id' => '46',
)
[ info ] [ SESSION ] INIT array (
  'id' => '',
  'var_session_id' => '',
  'prefix' => 'think',
  'type' => '',
  'auto_start' => true,
)
[ info ] [ RUN ] app\admin\controller\Course->coursekj[ D:\phpStudy\PHPTutorial\WWW\zcw2\application\admin\controller\Course.php ]
[ info ] [ VIEW ] D:\phpStudy\PHPTutorial\WWW\zcw2\public/../application/admin\view\course\coursekj.html [ array (
  0 => 'title',
  1 => 'base',
  2 => 'ids',
) ]
[ info ] [ LOG ] INIT File
---------------------------------------------------------------
[ 2018-12-13T12:54:42+08:00 ] 0.0.0.0 GET /zcw2/public/admin/course/coursekj/id/46
[ info ] localhost/zcw2/public/admin/course/coursekj/id/46 [运行时间：0.052221s][吞吐率：19.15req/s] [内存消耗：1,980.20kb] [文件加载：50]
[ info ] [ LANG ] D:\phpStudy\PHPTutorial\WWW\zcw2\thinkphp\lang\zh-cn.php
[ info ] [ ROUTE ] array (
  'type' => 'module',
  'module' => 
  array (
    0 => 'admin',
    1 => 'course',
    2 => 'coursekj',
  ),
)
[ info ] [ HEADER ] array (
  'host' => 'localhost',
  'connection' => 'keep-alive',
  'cache-control' => 'max-age=0',
  'upgrade-insecure-requests' => '1',
  'user-agent' => 'Mozilla/5.0 (Windows NT 10.0; Win64; x64) AppleWebKit/537.36 (KHTML, like Gecko) Chrome/71.0.3551.3 Safari/537.36',
  'accept' => 'text/html,application/xhtml+xml,application/xml;q=0.9,image/webp,image/apng,*/*;q=0.8',
  'accept-encoding' => 'gzip, deflate, br',
  'accept-language' => 'zh-CN,zh;q=0.9',
  'cookie' => 'thinkphp_show_page_trace=0|0; pgv_pvi=9710841856; PHPSESSID=l6nbtddf577eo693e6ob4fj9i7; think_userid=27',
)
[ info ] [ PARAM ] array (
  'id' => '46',
)
[ info ] [ SESSION ] INIT array (
  'id' => '',
  'var_session_id' => '',
  'prefix' => 'think',
  'type' => '',
  'auto_start' => true,
)
[ info ] [ RUN ] app\admin\controller\Course->coursekj[ D:\phpStudy\PHPTutorial\WWW\zcw2\application\admin\controller\Course.php ]
[ info ] [ VIEW ] D:\phpStudy\PHPTutorial\WWW\zcw2\public/../application/admin\view\course\coursekj.html [ array (
  0 => 'title',
  1 => 'base',
  2 => 'ids',
) ]
[ info ] [ LOG ] INIT File
---------------------------------------------------------------
[ 2018-12-13T12:54:42+08:00 ] 0.0.0.0 GET /zcw2/public/admin/course/coursekj/id/46
[ info ] localhost/zcw2/public/admin/course/coursekj/id/46 [运行时间：0.044747s][吞吐率：22.35req/s] [内存消耗：1,980.20kb] [文件加载：50]
[ info ] [ LANG ] D:\phpStudy\PHPTutorial\WWW\zcw2\thinkphp\lang\zh-cn.php
[ info ] [ ROUTE ] array (
  'type' => 'module',
  'module' => 
  array (
    0 => 'admin',
    1 => 'course',
    2 => 'coursekj',
  ),
)
[ info ] [ HEADER ] array (
  'host' => 'localhost',
  'connection' => 'keep-alive',
  'cache-control' => 'max-age=0',
  'upgrade-insecure-requests' => '1',
  'user-agent' => 'Mozilla/5.0 (Windows NT 10.0; Win64; x64) AppleWebKit/537.36 (KHTML, like Gecko) Chrome/71.0.3551.3 Safari/537.36',
  'accept' => 'text/html,application/xhtml+xml,application/xml;q=0.9,image/webp,image/apng,*/*;q=0.8',
  'accept-encoding' => 'gzip, deflate, br',
  'accept-language' => 'zh-CN,zh;q=0.9',
  'cookie' => 'thinkphp_show_page_trace=0|0; pgv_pvi=9710841856; PHPSESSID=l6nbtddf577eo693e6ob4fj9i7; think_userid=27',
)
[ info ] [ PARAM ] array (
  'id' => '46',
)
[ info ] [ SESSION ] INIT array (
  'id' => '',
  'var_session_id' => '',
  'prefix' => 'think',
  'type' => '',
  'auto_start' => true,
)
[ info ] [ RUN ] app\admin\controller\Course->coursekj[ D:\phpStudy\PHPTutorial\WWW\zcw2\application\admin\controller\Course.php ]
[ info ] [ VIEW ] D:\phpStudy\PHPTutorial\WWW\zcw2\public/../application/admin\view\course\coursekj.html [ array (
  0 => 'title',
  1 => 'base',
  2 => 'ids',
) ]
[ info ] [ LOG ] INIT File
---------------------------------------------------------------
[ 2018-12-13T12:54:46+08:00 ] 0.0.0.0 POST /zcw2/public/admin/course/uploadpic/pic_name/attach
[ info ] localhost/zcw2/public/admin/course/uploadpic/pic_name/attach [运行时间：0.884810s][吞吐率：1.13req/s] [内存消耗：1,915.48kb] [文件加载：46]
[ info ] [ LANG ] D:\phpStudy\PHPTutorial\WWW\zcw2\thinkphp\lang\zh-cn.php
[ info ] [ ROUTE ] array (
  'type' => 'module',
  'module' => 
  array (
    0 => 'admin',
    1 => 'course',
    2 => 'uploadpic',
  ),
)
[ info ] [ HEADER ] array (
  'host' => 'localhost',
  'connection' => 'keep-alive',
  'content-length' => '576360',
  'accept' => 'application/json, text/javascript, */*; q=0.01',
  'origin' => 'http://localhost',
  'x-requested-with' => 'XMLHttpRequest',
  'user-agent' => 'Mozilla/5.0 (Windows NT 10.0; Win64; x64) AppleWebKit/537.36 (KHTML, like Gecko) Chrome/71.0.3551.3 Safari/537.36',
  'content-type' => 'multipart/form-data; boundary=----WebKitFormBoundaryMSPZHifbz8msG4Ve',
  'referer' => 'http://localhost/zcw2/public/admin/course/coursekj/id/46',
  'accept-encoding' => 'gzip, deflate, br',
  'accept-language' => 'zh-CN,zh;q=0.9',
  'cookie' => 'pgv_pvi=9710841856; PHPSESSID=l6nbtddf577eo693e6ob4fj9i7; think_userid=27',
)
[ info ] [ PARAM ] array (
  'type' => '1',
  'pic_name' => 'attach',
)
[ info ] [ SESSION ] INIT array (
  'id' => '',
  'var_session_id' => '',
  'prefix' => 'think',
  'type' => '',
  'auto_start' => true,
)
[ info ] [ RUN ] app\admin\controller\Course->uploadPic[ D:\phpStudy\PHPTutorial\WWW\zcw2\application\admin\controller\Course.php ]
[ info ] [ LOG ] INIT File
---------------------------------------------------------------
[ 2018-12-13T12:54:47+08:00 ] 0.0.0.0 GET /zcw2/public/admin/course/play
[ info ] localhost/zcw2/public/admin/course/play [运行时间：0.047285s][吞吐率：21.15req/s] [内存消耗：2,056.73kb] [文件加载：51]
[ info ] [ LANG ] D:\phpStudy\PHPTutorial\WWW\zcw2\thinkphp\lang\zh-cn.php
[ info ] [ ROUTE ] array (
  'type' => 'module',
  'module' => 
  array (
    0 => 'admin',
    1 => 'course',
    2 => 'play',
  ),
)
[ info ] [ HEADER ] array (
  'host' => 'localhost',
  'connection' => 'keep-alive',
  'upgrade-insecure-requests' => '1',
  'user-agent' => 'Mozilla/5.0 (Windows NT 10.0; Win64; x64) AppleWebKit/537.36 (KHTML, like Gecko) Chrome/71.0.3551.3 Safari/537.36',
  'accept' => 'text/html,application/xhtml+xml,application/xml;q=0.9,image/webp,image/apng,*/*;q=0.8',
  'referer' => 'http://localhost/zcw2/public/admin/course/coursekj/id/46',
  'accept-encoding' => 'gzip, deflate, br',
  'accept-language' => 'zh-CN,zh;q=0.9',
  'cookie' => 'pgv_pvi=9710841856; PHPSESSID=l6nbtddf577eo693e6ob4fj9i7; think_userid=27',
)
[ info ] [ PARAM ] array (
)
[ info ] [ SESSION ] INIT array (
  'id' => '',
  'var_session_id' => '',
  'prefix' => 'think',
  'type' => '',
  'auto_start' => true,
)
[ info ] [ RUN ] app\admin\controller\Course->play[ D:\phpStudy\PHPTutorial\WWW\zcw2\application\admin\controller\Course.php ]
[ info ] [ VIEW ] D:\phpStudy\PHPTutorial\WWW\zcw2\public/../application/admin\view\course\play.html [ array (
  0 => 'title',
  1 => 'base',
  2 => 'preview_src',
  3 => 'haveLeft',
  4 => 'haveHead',
) ]
[ info ] [ LOG ] INIT File
